<?xml version="1.0" encoding="UTF-8"?>
<!-- Generated by org.testng.reporters.JUnitReportReporter -->
<testsuite skipped="0" hostname="Satarupa" name="com.npntraining.pageobjects.BaseTest" tests="1" failures="0" timestamp="2020-01-05T13:18:28 IST" time="2.548" errors="0">
  <testcase name="getConfigWebDriverInstance" time="2.548" classname="com.npntraining.pageobjects.BaseTest"/>
  <system-out/>
</testsuite> <!-- com.npntraining.pageobjects.BaseTest -->
