<?xml version="1.0" encoding="UTF-8"?>
<!-- Generated by org.testng.reporters.JUnitReportReporter -->
<testsuite skipped="0" hostname="Satarupa" name="com.npntraining.pageobjects.DashBoardPageTest" tests="1" failures="0" timestamp="2020-01-05T19:11:19 IST" time="3.806" errors="0">
  <testcase name="clickLogout" time="3.806" classname="com.npntraining.pageobjects.DashBoardPageTest"/>
  <system-out/>
</testsuite> <!-- com.npntraining.pageobjects.DashBoardPageTest -->
