<?xml version="1.0" encoding="UTF-8"?>
<!-- Generated by org.testng.reporters.JUnitReportReporter -->
<testsuite skipped="0" hostname="Satarupa" name="com.npntraining.pageobjects.UserPageTest" tests="1" failures="0" timestamp="2020-01-12T14:23:07 IST" time="13.192" errors="0">
  <testcase name="DeleteUser" time="13.192" classname="com.npntraining.pageobjects.UserPageTest"/>
  <system-out/>
</testsuite> <!-- com.npntraining.pageobjects.UserPageTest -->
